D:\Microsoft Visual Studio\2017\Community\Common7\IDE\VC\VCTargets\Microsoft.CppBuild.targets(391,5): warning MSB8028: промежуточный каталог (Debug\) содержит файлы, которые используются совместно с другим проектом (Mario.vcxproj).  Это может привести к ошибкам очистки и перестроения.
  game.cpp
c:\users\1\source\repos\mario\mario\game.cpp(57): warning C4244: =: преобразование "double" в "float", возможна потеря данных
c:\users\1\source\repos\mario\mario\game.cpp(75): warning C4244: +=: преобразование "double" в "float", возможна потеря данных
c:\users\1\source\repos\mario\mario\game.cpp(86): warning C4244: инициализация: преобразование "T" в "int", возможна потеря данных
          with
          [
              T=float
          ]
c:\users\1\source\repos\mario\mario\game.cpp(87): warning C4244: инициализация: преобразование "T" в "int", возможна потеря данных
          with
          [
              T=float
          ]
c:\users\1\source\repos\mario\mario\game.cpp(95): warning C4244: =: преобразование "int" в "T", возможна потеря данных
          with
          [
              T=float
          ]
c:\users\1\source\repos\mario\mario\game.cpp(104): warning C4244: =: преобразование "int" в "T", возможна потеря данных
          with
          [
              T=float
          ]
c:\users\1\source\repos\mario\mario\game.cpp(139): warning C4244: инициализация: преобразование "sf::Int64" в "float", возможна потеря данных
c:\users\1\source\repos\mario\mario\game.cpp(149): warning C4305: =: усечение из "double" в "float"
c:\users\1\source\repos\mario\mario\game.cpp(153): warning C4305: =: усечение из "double" в "float"
c:\users\1\source\repos\mario\mario\game.cpp(158): warning C4305: =: усечение из "double" в "float"
c:\users\1\source\repos\mario\mario\game.cpp(197): warning C4244: +=: преобразование "double" в "float", возможна потеря данных
  Mario.vcxproj -> C:\Users\1\source\repos\Mario\Debug\NedoMario.exe
